<?xml version="1.0" encoding="UTF-8"?>
<!-- Generated by org.testng.reporters.JUnitXMLReporter -->
<testsuite hostname="RahulKaelsMini2" ignored="0" name="Test" tests="6" failures="0" timestamp="22 May 2019 06:10:22 GMT" time="0.105" errors="0">
  <testcase name="login2" time="0.007" classname="com.zoopla.qa.testcase.PracticeTwo"/>
  <testcase name="login1" time="0.011" classname="com.zoopla.qa.testcase.PracticeOne"/>
  <testcase name="click1" time="0.002" classname="com.zoopla.qa.testcase.PracticeOne"/>
  <testcase name="click2" time="0.003" classname="com.zoopla.qa.testcase.PracticeTwo"/>
  <testcase name="logout1" time="0.001" classname="com.zoopla.qa.testcase.PracticeOne"/>
  <testcase name="logout2" time="0.002" classname="com.zoopla.qa.testcase.PracticeTwo"/>
</testsuite> <!-- Test -->
