<?xml version="1.0" encoding="UTF-8"?>
<!-- Generated by org.testng.reporters.JUnitXMLReporter -->
<testsuite hostname="RahulKaelsMini2" ignored="0" name="NaveenAutomation_24thApril" tests="6" failures="0" timestamp="22 May 2019 06:48:57 GMT" time="0.11" errors="0">
  <testcase name="login1" time="0.007" classname="com.zoopla.qa.testcase.PracticeOne"/>
  <testcase name="login2" time="0.002" classname="com.zoopla.qa.testcase.PracticeTwo"/>
  <testcase name="click1" time="0.002" classname="com.zoopla.qa.testcase.PracticeOne"/>
  <testcase name="click2" time="0.002" classname="com.zoopla.qa.testcase.PracticeTwo"/>
  <testcase name="logout1" time="0.01" classname="com.zoopla.qa.testcase.PracticeOne"/>
  <testcase name="logout2" time="0.002" classname="com.zoopla.qa.testcase.PracticeTwo"/>
</testsuite> <!-- NaveenAutomation_24thApril -->
