<?xml version="1.0" encoding="UTF-8"?>
<!-- Generated by org.testng.reporters.JUnitXMLReporter -->
<testsuite hostname="RahulKaelsMini2" name="Test" tests="6" failures="0" timestamp="15 Jun 2019 07:13:29 GMT" time="0.193" errors="0">
  <testcase name="@BeforeClass classIntialize" time="0.0" classname="com.zoopla.qa.testcase.HomePageTest">
    <failure type="java.lang.NullPointerException">
      <![CDATA[java.lang.NullPointerException
	at com.zoopla.qa.base.TestBase.initialization(TestBase.java:44)
	at com.zoopla.qa.testcase.HomePageTest.classIntialize(HomePageTest.java:27)
... Removed 24 stack frames]]>
    </failure>
  </testcase> <!-- @BeforeClass classIntialize -->
  <testcase name="@AfterClass tearDown" time="0.0" classname="com.zoopla.qa.testcase.HomePageTest">
    <skipped/>
  </testcase> <!-- @AfterClass tearDown -->
  <testcase name="@BeforeClass classIntialize" time="0.0" classname="com.zoopla.qa.testcase.PropertyPageTest">
    <failure type="java.lang.NullPointerException">
      <![CDATA[java.lang.NullPointerException
	at com.zoopla.qa.base.TestBase.initialization(TestBase.java:44)
	at com.zoopla.qa.testcase.PropertyPageTest.classIntialize(PropertyPageTest.java:30)
... Removed 24 stack frames]]>
    </failure>
  </testcase> <!-- @BeforeClass classIntialize -->
  <testcase name="@AfterClass tearDown" time="0.0" classname="com.zoopla.qa.testcase.PropertyPageTest">
    <skipped/>
  </testcase> <!-- @AfterClass tearDown -->
  <testcase name="@BeforeClass classIntialize" time="0.0" classname="com.zoopla.qa.testcase.SalePageTest">
    <failure type="java.lang.NullPointerException">
      <![CDATA[java.lang.NullPointerException
	at com.zoopla.qa.base.TestBase.initialization(TestBase.java:44)
	at com.zoopla.qa.testcase.SalePageTest.classIntialize(SalePageTest.java:26)
... Removed 24 stack frames]]>
    </failure>
  </testcase> <!-- @BeforeClass classIntialize -->
  <testcase name="@AfterClass tearDown" time="0.0" classname="com.zoopla.qa.testcase.SalePageTest">
    <skipped/>
  </testcase> <!-- @AfterClass tearDown -->
  <testcase name="@BeforeClass classIntialize" time="0.0" classname="com.zoopla.qa.testcase.AgentDetailsPageTest">
    <failure type="java.lang.NullPointerException">
      <![CDATA[java.lang.NullPointerException
	at com.zoopla.qa.base.TestBase.initialization(TestBase.java:44)
	at com.zoopla.qa.testcase.AgentDetailsPageTest.classIntialize(AgentDetailsPageTest.java:31)
... Removed 24 stack frames]]>
    </failure>
  </testcase> <!-- @BeforeClass classIntialize -->
  <testcase name="@AfterTest tearDown" time="0.0" classname="com.zoopla.qa.testcase.AgentDetailsPageTest">
    <skipped/>
  </testcase> <!-- @AfterTest tearDown -->
  <testcase name="verifyHomePageTitle" time="0.003" classname="com.zoopla.qa.testcase.HomePageTest">
    <skipped/>
  </testcase> <!-- verifyHomePageTitle -->
  <testcase name="searchLocation" time="0.017" classname="com.zoopla.qa.testcase.HomePageTest">
    <skipped/>
  </testcase> <!-- searchLocation -->
  <testcase name="agentDetails" time="0.01" classname="com.zoopla.qa.testcase.PropertyPageTest">
    <skipped/>
  </testcase> <!-- agentDetails -->
  <testcase name="verifyPropertyPageTitle" time="0.002" classname="com.zoopla.qa.testcase.SalePageTest">
    <skipped/>
  </testcase> <!-- verifyPropertyPageTitle -->
  <testcase name="printPrice" time="0.012" classname="com.zoopla.qa.testcase.SalePageTest">
    <skipped/>
  </testcase> <!-- printPrice -->
  <testcase name="verifyAgentDetails" time="0.003" classname="com.zoopla.qa.testcase.AgentDetailsPageTest">
    <skipped/>
  </testcase> <!-- verifyAgentDetails -->
</testsuite> <!-- Test -->
