<?xml version="1.0" encoding="UTF-8"?>
<!-- Generated by org.testng.reporters.JUnitXMLReporter -->
<testsuite hostname="DESKTOP-A3DICO7" ignored="0" name="Test" tests="6" failures="0" timestamp="16 Apr 2019 11:44:19 GMT" time="261.009" errors="0">
  <testcase name="verifyHomePageTitle" time="0.085" classname="com.zoopla.qa.testcase.HomePageTest"/>
  <testcase name="searchLocation" time="21.592" classname="com.zoopla.qa.testcase.HomePageTest"/>
  <testcase name="verifyPropertyPageTitle" time="3.027" classname="com.zoopla.qa.testcase.SalePageTest"/>
  <testcase name="printPrice" time="18.237" classname="com.zoopla.qa.testcase.SalePageTest"/>
  <testcase name="agentDetails" time="18.963" classname="com.zoopla.qa.testcase.PropertyPageTest"/>
  <testcase name="verifyAgentDetails" time="0.294" classname="com.zoopla.qa.testcase.AgentDetailsPageTest"/>
</testsuite> <!-- Test -->
