<?xml version="1.0" encoding="UTF-8"?>
<!-- Generated by org.testng.reporters.JUnitXMLReporter -->
<testsuite hostname="RahulKaelsMini2" name="NaveenAutomation_24thApril" tests="12" failures="0" timestamp="22 May 2019 07:56:20 GMT" time="0.073" errors="0">
  <testcase name="login1" time="0.008" classname="com.zoopla.qa.testcase.PracticeOne"/>
  <testcase name="login1" time="0.008" classname="com.zoopla.qa.testcase.PracticeOne"/>
  <testcase name="click1" time="0.001" classname="com.zoopla.qa.testcase.PracticeOne"/>
  <testcase name="click1" time="0.001" classname="com.zoopla.qa.testcase.PracticeOne"/>
  <testcase name="logout1" time="0.002" classname="com.zoopla.qa.testcase.PracticeOne"/>
  <testcase name="logout1" time="0.002" classname="com.zoopla.qa.testcase.PracticeOne"/>
  <testcase name="login2" time="0.002" classname="com.zoopla.qa.testcase.PracticeTwo"/>
  <testcase name="login2" time="0.002" classname="com.zoopla.qa.testcase.PracticeTwo"/>
  <testcase name="click2" time="0.002" classname="com.zoopla.qa.testcase.PracticeTwo"/>
  <testcase name="click2" time="0.002" classname="com.zoopla.qa.testcase.PracticeTwo"/>
  <testcase name="logout2" time="0.001" classname="com.zoopla.qa.testcase.PracticeTwo"/>
  <testcase name="logout2" time="0.001" classname="com.zoopla.qa.testcase.PracticeTwo"/>
</testsuite> <!-- NaveenAutomation_24thApril -->
